<?xml version="1.0" encoding="UTF-8"?>
<!-- Generated by org.testng.reporters.JUnitReportReporter -->
<testsuite hostname="DESKTOP-MMML4MB" failures="0" tests="1" name="runner.testRunner" time="6.373" errors="0" timestamp="2022-07-10T12:43:37 IST" skipped="0">
  <testcase classname="runner.testRunner" name="runScenario" time="6.373"/>
  <system-out/>
</testsuite> <!-- runner.testRunner -->
