<?xml version="1.0" encoding="UTF-8"?>
<!-- Generated by org.testng.reporters.JUnitReportReporter -->
<testsuite hostname="DESKTOP-MMML4MB" failures="0" tests="1" name="runner.testRunner" time="4.305" errors="0" timestamp="2022-05-11T13:24:38 IST" skipped="0">
  <testcase classname="runner.testRunner" name="runScenario" time="4.305"/>
  <system-out/>
</testsuite> <!-- runner.testRunner -->
