<?xml version="1.0" encoding="UTF-8"?>
<!-- Generated by org.testng.reporters.JUnitReportReporter -->
<testsuite hostname="DESKTOP-MMML4MB" failures="0" tests="1" name="runner.testRunner" time="8.583" errors="0" timestamp="2022-07-10T14:03:35 IST" skipped="0">
  <testcase classname="runner.testRunner" name="runScenario" time="8.583"/>
  <system-out/>
</testsuite> <!-- runner.testRunner -->
